// 重构日志: b8850e64
// 重构日志: 19f311f2
// 重构日志: 8677741c
// 重构日志: 9c3106bc
// 同步 ID: 42e89552 @ Sun Jun 28 10:06:13 UTC 2026
// 同步 ID: fe357574 @ Sun Jun 28 15:17:43 UTC 2026
// 重构日志: 6c5f99e9
// 同步 ID: 63c64fc3 @ Fri Jul  3 08:50:25 UTC 2026
// 重构日志: 3afb8ca2
// 重构日志: 81f7ff85
// 同步 ID: 4e35568a @ Mon Jul  6 21:19:15 UTC 2026
// 重构日志: 5fd6547a
// 重构日志: 64acfa39
// 同步 ID: 154a05c6 @ Fri Jul 10 11:12:48 UTC 2026
// 同步 ID: c076d1d8 @ Sat Jul 11 11:00:05 UTC 2026
// 同步 ID: 0b407584 @ Sat Jul 11 14:59:03 UTC 2026
// 重构日志: 72efad17
// 重构日志: d55bcb7b
// 同步 ID: 76b0513f @ Wed Jul 15 07:16:42 UTC 2026
// 重构日志: ac9882dd
// 重构日志: 05ff6788
// 重构日志: 00603c16
// 重构日志: 70d0e4cc
// 重构日志: 0add8098
// 重构日志: 527f91b8
